[debug] [2023-05-13T04:35:18.969Z] ----------------------------------------------------------------------
[debug] [2023-05-13T04:35:18.973Z] Command:       C:\Program Files\nodejs\node.exe C:\Users\Shahmeer\AppData\Roaming\npm\node_modules\firebase-tools\lib\bin\firebase.js deploy
[debug] [2023-05-13T04:35:18.974Z] CLI Version:   11.25.3
[debug] [2023-05-13T04:35:18.974Z] Platform:      win32
[debug] [2023-05-13T04:35:18.974Z] Node Version:  v18.13.0
[debug] [2023-05-13T04:35:18.989Z] Time:          Sat May 13 2023 09:35:18 GMT+0500 (Pakistan Standard Time)
[debug] [2023-05-13T04:35:18.989Z] ----------------------------------------------------------------------
[debug] 
[debug] [2023-05-13T04:35:19.117Z] > command requires scopes: ["email","openid","https://www.googleapis.com/auth/cloudplatformprojects.readonly","https://www.googleapis.com/auth/firebase","https://www.googleapis.com/auth/cloud-platform"]
[debug] [2023-05-13T04:35:19.118Z] > authorizing via signed-in user (shahmeerrabbani61@gmail.com)
[debug] [2023-05-13T04:35:19.118Z] [iam] checking project shahmeer-f26af for permissions ["firebase.projects.get","firebasehosting.sites.update"]
[debug] [2023-05-13T04:35:19.121Z] > refreshing access token with scopes: []
[debug] [2023-05-13T04:35:19.124Z] >>> [apiv2][query] POST https://www.googleapis.com/oauth2/v3/token [none]
[debug] [2023-05-13T04:35:19.124Z] >>> [apiv2][body] POST https://www.googleapis.com/oauth2/v3/token [omitted]
[debug] [2023-05-13T04:35:19.640Z] <<< [apiv2][status] POST https://www.googleapis.com/oauth2/v3/token 200
[debug] [2023-05-13T04:35:19.641Z] <<< [apiv2][body] POST https://www.googleapis.com/oauth2/v3/token [omitted]
[debug] [2023-05-13T04:35:19.656Z] >>> [apiv2][query] POST https://cloudresourcemanager.googleapis.com/v1/projects/shahmeer-f26af:testIamPermissions [none]
[debug] [2023-05-13T04:35:19.656Z] >>> [apiv2][(partial)header] POST https://cloudresourcemanager.googleapis.com/v1/projects/shahmeer-f26af:testIamPermissions x-goog-quota-user=projects/shahmeer-f26af
[debug] [2023-05-13T04:35:19.657Z] >>> [apiv2][body] POST https://cloudresourcemanager.googleapis.com/v1/projects/shahmeer-f26af:testIamPermissions {"permissions":["firebase.projects.get","firebasehosting.sites.update"]}
[debug] [2023-05-13T04:35:21.071Z] <<< [apiv2][status] POST https://cloudresourcemanager.googleapis.com/v1/projects/shahmeer-f26af:testIamPermissions 200
[debug] [2023-05-13T04:35:21.072Z] <<< [apiv2][body] POST https://cloudresourcemanager.googleapis.com/v1/projects/shahmeer-f26af:testIamPermissions {"permissions":["firebase.projects.get","firebasehosting.sites.update"]}
[debug] [2023-05-13T04:35:21.077Z] >>> [apiv2][query] GET https://firebase.googleapis.com/v1beta1/projects/shahmeer-f26af [none]
[debug] [2023-05-13T04:35:21.572Z] <<< [apiv2][status] GET https://firebase.googleapis.com/v1beta1/projects/shahmeer-f26af 200
[debug] [2023-05-13T04:35:21.572Z] <<< [apiv2][body] GET https://firebase.googleapis.com/v1beta1/projects/shahmeer-f26af {"projectId":"shahmeer-f26af","projectNumber":"674839444619","displayName":"shahmeer","name":"projects/shahmeer-f26af","resources":{"hostingSite":"shahmeer-f26af","storageBucket":"shahmeer-f26af.appspot.com","locationId":"us-central"},"state":"ACTIVE","etag":"1_f65b6d75-df83-4170-890a-4a6ebfa1d69d"}
[info] 
[info] === Deploying to 'shahmeer-f26af'...
[info] 
[info] i  deploying hosting 
[debug] [2023-05-13T04:35:21.593Z] >>> [apiv2][query] POST https://firebasehosting.googleapis.com/v1beta1/projects/-/sites/shahmeer-f26af/versions [none]
[debug] [2023-05-13T04:35:21.593Z] >>> [apiv2][body] POST https://firebasehosting.googleapis.com/v1beta1/projects/-/sites/shahmeer-f26af/versions {"status":"CREATED","labels":{"deployment-tool":"cli-firebase"}}
[debug] [2023-05-13T04:35:23.435Z] <<< [apiv2][status] POST https://firebasehosting.googleapis.com/v1beta1/projects/-/sites/shahmeer-f26af/versions 200
[debug] [2023-05-13T04:35:23.435Z] <<< [apiv2][body] POST https://firebasehosting.googleapis.com/v1beta1/projects/-/sites/shahmeer-f26af/versions {"name":"projects/674839444619/sites/shahmeer-f26af/versions/2a0b3e3cd958ce01","status":"CREATED","config":{},"labels":{"deployment-tool":"cli-firebase"}}
[info] i  hosting[shahmeer-f26af]: beginning deploy... 
[info] i  hosting[shahmeer-f26af]: found 61 files in build 
[debug] [2023-05-13T04:35:23.487Z] [hosting] uploading with 200 concurrency
[debug] [2023-05-13T04:35:24.415Z] [hosting] hash cache [YnVpbGQ] stored for 61 files
[debug] [2023-05-13T04:35:24.416Z] [hosting][hash queue][FINAL] {"max":900,"min":1,"avg":19.522063323286815,"active":0,"complete":61,"success":61,"errored":0,"retried":0,"total":61,"elapsed":920}
[debug] [2023-05-13T04:35:24.417Z] >>> [apiv2][query] POST https://firebasehosting.googleapis.com/v1beta1/projects/674839444619/sites/shahmeer-f26af/versions/2a0b3e3cd958ce01:populateFiles [none]
[debug] [2023-05-13T04:35:24.417Z] >>> [apiv2][body] POST https://firebasehosting.googleapis.com/v1beta1/projects/674839444619/sites/shahmeer-f26af/versions/2a0b3e3cd958ce01:populateFiles {"files":{"/404.html":"daa499dd96d8229e73235345702ba32f0793f0c8e5c0d30e40e37a5872be57aa","/favicon.ico":"eae62e993eb980ec8a25058c39d5a51feab118bd2100c4deebb2a9c158ec11f9","/logo192.png":"3ee59515172ee198f3be375979df15ac5345183e656720a381b8872b2a39dc8b","/logo512.png":"ee7e2f3fdb8209c4b6fd7bef6ba50d1b9dba30a25bb5c3126df057e1cb6f5331","/manifest.json":"aff3449bdc238776f5d6d967f19ec491b36aed5fb7f23ccff6500736fd58494a","/robots.txt":"bfe106a3fb878dc83461c86818bf74fc1bdc7f28538ba613cd3e775516ce8b49","/images/2people.png":"99a6fd26a6bcd54671e3ab39304530a36a2b780985735dd9127996ac6ecd86b5","/images/3people.png":"826ed1db6020c7c61178aeb1dc20fe2c9f0a6ab9d08751d9a094c8be6105dd3c","/images/add-video-removebg-preview.png":"ea3a131d6896c84c861729246e4331d264422525f320fdf53c9d7e217c839e8e","/images/background.jpg":"8442d6f4055a23f7cf12fb119673f0f735106ec18798889ce7f0afd7cb9d9fd9","/images/bell.png":"a623a3c3f705d232a91e5798dcea6e20852fe1d6ddfd20d7d328e9e981ffd509","/images/bg.jpg":"8b924d688793f46263a11808fa3e3d2160115ee49d6b1765623e392eae5609eb","/images/boy vector-01.jpg":"d42551d245de839b0cc8b3717a2d04a9dcfd0b46d93da0dd0320940b1c9b940a","/images/comment.png":"4abf85ff04e655d5267621991e23d08a70545ad8e13a3220558d4cbc2f237920","/images/evwnt-removebg-preview.png":"30f6f6b123ec0dd810b78900c6108f725d5155d3f1e74728679f9580a50a0910","/images/facebook-gaming.png":"ba5dbbdcc40ae9b575b8816cd3961631f2d18d709d788644f9fb0959a8c0386a","/images/Facebook_icon.png":"3b13090227bf8f6663faac5c1832a0d7b61db84838307b5e092e856f474b3d1f","/images/flage-removebg-preview.png":"3ef5ea0b67419694797cd4412c393cb90748a6ab7782a0bd79b2f3792e5d5277","/images/images-removebg-preview.png":"1f2d6693ca35cfbcc8b387d0df9230dfbccfc7b723e6804d47d4fb195ca4fec7","/images/logout.png":"4a426367448e743e47d57df617f85772a105f941883a5440a2b1f154dcc08e53","/images/marketplace.png":"2a577dfdb31d5c6fba65fde52574aae58365330c2d45df337a357602eeea2a66","/images/me.jpg":"1b69cde83662c1ee60bbb5e68f8328d2ecb8ad7bec2d850f57152d8fe991d661","/images/memories.png":"3675df4cf03343285737224c4878d18b01d4d08c33d9eaa185f72e10d47e4ca0","/images/menu bar.png":"019e828cfb46ab47a8ef349fe4b27bb2bd40a863e016d4abb8ebee197c755faa","/images/messenger.png":"61c4012c5c6854e995bac5f5aa0d3a5526fa1281dba1934ff93e97d78944c4ff","/images/people-talking-icon-one-set-260nw-1316031509-removebg-preview.png":"65f3ae8c085857e3fd17fc95875ac2dadf026482da7ab56d600c7a0ada09b0ac","/images/plus.png":"5f8310cab84cab2d80114e251ecbf4b99795f3ea6d5bff4bd7f15700ca30dfb9","/images/post.jpg":"3ecc265dee340b44a4300bf0bd39a8eb8fa5580c81a65ade422febede675fa7f","/images/post1.jpg":"566ff016477be21e8444d59beb02143a41316ba043eee688963772f194f33dc4","/images/post2.jpg":"4b8f2020aa0ca7b7b4ecc291bb07f5cfa380b0d5dafac0d055bd7f119ecc127c","/images/post3.jpg":"067d582d790e72578dbad686b35ee9a03eb39f6822a6c69ab0c9b59bf48cbf2d","/images/post4.jpg":"c5ccc7e83a2d67d3dcf3f63c4f230b676c73419271e4aea41d3d070f40843017","/images/recent.png":"a8b8df4c654e5abb20ad416f481f7088cee64f4e0dec18ef0185a37c373b5bfc","/images/saved.png":"db33344a102d789652e47305110fb3a07c04c65dc14ea86a9d2ec4cfb0a6ffb1","/images/search-icon.png":"aa5cbd6e48f548f4cd3206fd484e222399403187ae830e188dffe7fe89ddacc3","/images/share-removebg-preview.png":"12cdfaee8b989fd84eea4889946eed4c00ea9dda390fa95f5d3190a084b843a3","/images/shop-removebg-preview.png":"078ddcbcfe093057468e5acbb817dab337aa2586cd0344b7c1a666160b286b40","/images/smile_emoji-removebg-preview.png":"dddb56c97d1db595ffeacc11afc74d06db2436843708190a4b619a7fd6e2defa","/images/star.png":"60106faf71fa3b525fc5194fac37cd9095fcfbfdc68408cd4380a4b3d5d0d8dd","/images/t1.jpg":"c1859166213cccc06f31f97cdad7d9e5ad6af6ebbd070bb42a32cee488769932","/images/t10.jpg":"873a3c0d722ce402ee007430a0f0e8b1589e26f6ce0ccc664f5511ffe9be7720","/images/t2.jpg":"0ce1959dea8fc428eeb54194851c7e9bf26dd1507cbf02f9ae65b4a51f077635","/images/t3.jpg":"e09f5c088502802293017598ec48f64fed4c9127d006b8e32a36144f04b129b0","/images/t4.jpeg":"2303f25e4440e06aeaf9cc339393e4778dd117db47b02347f5fab506c2057952","/images/t5.jpg":"e4737176812965fd352b0b06234d416f6d8966e336b27ba154283697e8c4d40a","/images/t6.jpg":"be25d40526674a34daa5554585754178fb663044cd00d81112f703ca6627deea","/images/t7.jpg":"0b7b571fea83998ed141243de4045f243028c3011a778829453e23b59b150a94","/images/t8.jpg":"29d8dde12c95c9c66430c18e36c23005dc8b4bbba517ed4124de04f93204b965","/images/t9.jpg":"423fe776572c6789b4095ee66d5edb7e67a5abe4f539b581397d939a85e642ba","/images/thumb-removebg-preview.png":"4d9f356db51b9729c2752f746a526aa3b34ac2723f2e4b6614bf430b39ae25da","/images/Untitled-1-01.png":"11838630db6babffc75e2ffdb2f8c0a66659d46590d9888126b458d308323d53","/images/video.png":"de7d9e98bea2e5765fabda94781a7b7d454e106206cec670846d4b3ea455a579","/images/watchlater.png":"79ff887c55da943d45ed296cdce9bee5c73c554679fbf7792de144dbb8ce16ee","/images/youtube-home-removebg-preview.png":"e743f1f1d66f1644f4a75ffa10f071815d960836ee4b5e9efad3ced82b46497c","/asset-manifest.json":"43b253080b1ab6d0090b3707289af0c89745080fab513eb77d075d8356fe4999","/index.html":"d9de0edb186a973ce1fdd537a247fc7d10373d372c3e203dc51cbdb9b4093128","/static/css/main.b79ed731.css":"773a0b9af7fa7fcabbcee040ec2125695424eedf2147d5d6b6300f1caf3a51df","/static/css/main.b79ed731.css.map":"d24b26401cc333fc72db2aca224c33a5ba5b71ad154eb9a1bf616823f5a0c09f","/static/js/main.302f2817.js.LICENSE.txt":"834220d41d2682016dd946edceaa14824d1c81b442f41ca52429b7b5d9966ef6","/static/js/main.302f2817.js":"f5f2d21ebc271b71f10ef4bef6f39819b85b0f3e175df722eea857ade1afc712","/static/js/main.302f2817.js.map":"437be0dc46a97914e9f5d8a9d0998e6a8fed2d1c938128169d54ece2179b86d0"}}
[debug] [2023-05-13T04:35:26.127Z] <<< [apiv2][status] POST https://firebasehosting.googleapis.com/v1beta1/projects/674839444619/sites/shahmeer-f26af/versions/2a0b3e3cd958ce01:populateFiles 200
[debug] [2023-05-13T04:35:26.128Z] <<< [apiv2][body] POST https://firebasehosting.googleapis.com/v1beta1/projects/674839444619/sites/shahmeer-f26af/versions/2a0b3e3cd958ce01:populateFiles {"uploadRequiredHashes":["773a0b9af7fa7fcabbcee040ec2125695424eedf2147d5d6b6300f1caf3a51df","437be0dc46a97914e9f5d8a9d0998e6a8fed2d1c938128169d54ece2179b86d0","d24b26401cc333fc72db2aca224c33a5ba5b71ad154eb9a1bf616823f5a0c09f","d9de0edb186a973ce1fdd537a247fc7d10373d372c3e203dc51cbdb9b4093128","43b253080b1ab6d0090b3707289af0c89745080fab513eb77d075d8356fe4999","f5f2d21ebc271b71f10ef4bef6f39819b85b0f3e175df722eea857ade1afc712"],"uploadUrl":"https://upload-firebasehosting.googleapis.com/upload/sites/shahmeer-f26af/versions/2a0b3e3cd958ce01/files"}
[debug] [2023-05-13T04:35:26.138Z] >>> [apiv2][query] POST https://upload-firebasehosting.googleapis.com/upload/sites/shahmeer-f26af/versions/2a0b3e3cd958ce01/files/773a0b9af7fa7fcabbcee040ec2125695424eedf2147d5d6b6300f1caf3a51df [none]
[debug] [2023-05-13T04:35:26.139Z] >>> [apiv2][body] POST https://upload-firebasehosting.googleapis.com/upload/sites/shahmeer-f26af/versions/2a0b3e3cd958ce01/files/773a0b9af7fa7fcabbcee040ec2125695424eedf2147d5d6b6300f1caf3a51df [stream]
[debug] [2023-05-13T04:35:26.144Z] >>> [apiv2][query] POST https://upload-firebasehosting.googleapis.com/upload/sites/shahmeer-f26af/versions/2a0b3e3cd958ce01/files/437be0dc46a97914e9f5d8a9d0998e6a8fed2d1c938128169d54ece2179b86d0 [none]
[debug] [2023-05-13T04:35:26.145Z] >>> [apiv2][body] POST https://upload-firebasehosting.googleapis.com/upload/sites/shahmeer-f26af/versions/2a0b3e3cd958ce01/files/437be0dc46a97914e9f5d8a9d0998e6a8fed2d1c938128169d54ece2179b86d0 [stream]
[debug] [2023-05-13T04:35:26.150Z] >>> [apiv2][query] POST https://upload-firebasehosting.googleapis.com/upload/sites/shahmeer-f26af/versions/2a0b3e3cd958ce01/files/d24b26401cc333fc72db2aca224c33a5ba5b71ad154eb9a1bf616823f5a0c09f [none]
[debug] [2023-05-13T04:35:26.150Z] >>> [apiv2][body] POST https://upload-firebasehosting.googleapis.com/upload/sites/shahmeer-f26af/versions/2a0b3e3cd958ce01/files/d24b26401cc333fc72db2aca224c33a5ba5b71ad154eb9a1bf616823f5a0c09f [stream]
[debug] [2023-05-13T04:35:26.160Z] >>> [apiv2][query] POST https://upload-firebasehosting.googleapis.com/upload/sites/shahmeer-f26af/versions/2a0b3e3cd958ce01/files/d9de0edb186a973ce1fdd537a247fc7d10373d372c3e203dc51cbdb9b4093128 [none]
[debug] [2023-05-13T04:35:26.161Z] >>> [apiv2][body] POST https://upload-firebasehosting.googleapis.com/upload/sites/shahmeer-f26af/versions/2a0b3e3cd958ce01/files/d9de0edb186a973ce1fdd537a247fc7d10373d372c3e203dc51cbdb9b4093128 [stream]
[debug] [2023-05-13T04:35:26.169Z] >>> [apiv2][query] POST https://upload-firebasehosting.googleapis.com/upload/sites/shahmeer-f26af/versions/2a0b3e3cd958ce01/files/43b253080b1ab6d0090b3707289af0c89745080fab513eb77d075d8356fe4999 [none]
[debug] [2023-05-13T04:35:26.170Z] >>> [apiv2][body] POST https://upload-firebasehosting.googleapis.com/upload/sites/shahmeer-f26af/versions/2a0b3e3cd958ce01/files/43b253080b1ab6d0090b3707289af0c89745080fab513eb77d075d8356fe4999 [stream]
[debug] [2023-05-13T04:35:26.174Z] >>> [apiv2][query] POST https://upload-firebasehosting.googleapis.com/upload/sites/shahmeer-f26af/versions/2a0b3e3cd958ce01/files/f5f2d21ebc271b71f10ef4bef6f39819b85b0f3e175df722eea857ade1afc712 [none]
[debug] [2023-05-13T04:35:26.175Z] >>> [apiv2][body] POST https://upload-firebasehosting.googleapis.com/upload/sites/shahmeer-f26af/versions/2a0b3e3cd958ce01/files/f5f2d21ebc271b71f10ef4bef6f39819b85b0f3e175df722eea857ade1afc712 [stream]
[debug] [2023-05-13T04:35:26.177Z] [hosting][populate queue][FINAL] {"max":1724,"min":1724,"avg":1724,"active":0,"complete":1,"success":1,"errored":0,"retried":0,"total":1,"elapsed":1763}
[debug] [2023-05-13T04:35:26.178Z] [hosting] uploads queued: 6
[debug] [2023-05-13T04:35:27.862Z] <<< [apiv2][status] POST https://upload-firebasehosting.googleapis.com/upload/sites/shahmeer-f26af/versions/2a0b3e3cd958ce01/files/43b253080b1ab6d0090b3707289af0c89745080fab513eb77d075d8356fe4999 200
[debug] [2023-05-13T04:35:27.864Z] <<< [apiv2][body] POST https://upload-firebasehosting.googleapis.com/upload/sites/shahmeer-f26af/versions/2a0b3e3cd958ce01/files/43b253080b1ab6d0090b3707289af0c89745080fab513eb77d075d8356fe4999 [stream]
[debug] [2023-05-13T04:35:27.869Z] <<< [apiv2][status] POST https://upload-firebasehosting.googleapis.com/upload/sites/shahmeer-f26af/versions/2a0b3e3cd958ce01/files/d24b26401cc333fc72db2aca224c33a5ba5b71ad154eb9a1bf616823f5a0c09f 200
[debug] [2023-05-13T04:35:27.869Z] <<< [apiv2][body] POST https://upload-firebasehosting.googleapis.com/upload/sites/shahmeer-f26af/versions/2a0b3e3cd958ce01/files/d24b26401cc333fc72db2aca224c33a5ba5b71ad154eb9a1bf616823f5a0c09f [stream]
[debug] [2023-05-13T04:35:27.873Z] <<< [apiv2][status] POST https://upload-firebasehosting.googleapis.com/upload/sites/shahmeer-f26af/versions/2a0b3e3cd958ce01/files/d9de0edb186a973ce1fdd537a247fc7d10373d372c3e203dc51cbdb9b4093128 200
[debug] [2023-05-13T04:35:27.873Z] <<< [apiv2][body] POST https://upload-firebasehosting.googleapis.com/upload/sites/shahmeer-f26af/versions/2a0b3e3cd958ce01/files/d9de0edb186a973ce1fdd537a247fc7d10373d372c3e203dc51cbdb9b4093128 [stream]
[debug] [2023-05-13T04:35:27.877Z] <<< [apiv2][status] POST https://upload-firebasehosting.googleapis.com/upload/sites/shahmeer-f26af/versions/2a0b3e3cd958ce01/files/773a0b9af7fa7fcabbcee040ec2125695424eedf2147d5d6b6300f1caf3a51df 200
[debug] [2023-05-13T04:35:27.878Z] <<< [apiv2][body] POST https://upload-firebasehosting.googleapis.com/upload/sites/shahmeer-f26af/versions/2a0b3e3cd958ce01/files/773a0b9af7fa7fcabbcee040ec2125695424eedf2147d5d6b6300f1caf3a51df [stream]
[debug] [2023-05-13T04:35:28.055Z] <<< [apiv2][status] POST https://upload-firebasehosting.googleapis.com/upload/sites/shahmeer-f26af/versions/2a0b3e3cd958ce01/files/f5f2d21ebc271b71f10ef4bef6f39819b85b0f3e175df722eea857ade1afc712 200
[debug] [2023-05-13T04:35:28.055Z] <<< [apiv2][body] POST https://upload-firebasehosting.googleapis.com/upload/sites/shahmeer-f26af/versions/2a0b3e3cd958ce01/files/f5f2d21ebc271b71f10ef4bef6f39819b85b0f3e175df722eea857ade1afc712 [stream]
[debug] [2023-05-13T04:35:29.000Z] <<< [apiv2][status] POST https://upload-firebasehosting.googleapis.com/upload/sites/shahmeer-f26af/versions/2a0b3e3cd958ce01/files/437be0dc46a97914e9f5d8a9d0998e6a8fed2d1c938128169d54ece2179b86d0 200
[debug] [2023-05-13T04:35:29.000Z] <<< [apiv2][body] POST https://upload-firebasehosting.googleapis.com/upload/sites/shahmeer-f26af/versions/2a0b3e3cd958ce01/files/437be0dc46a97914e9f5d8a9d0998e6a8fed2d1c938128169d54ece2179b86d0 [stream]
[debug] [2023-05-13T04:35:29.001Z] [hosting][upload queue][FINAL] {"max":2871,"min":1730,"avg":1957.5,"active":0,"complete":6,"success":6,"errored":0,"retried":0,"total":6,"elapsed":2873}
[info] +  hosting[shahmeer-f26af]: file upload complete 
[debug] [2023-05-13T04:35:29.004Z] [hosting] deploy completed after 5566ms
[debug] [2023-05-13T04:35:29.011Z] [
  {
    "config": {
      "public": "build",
      "ignore": [
        "firebase.json",
        "**/.*",
        "**/node_modules/**"
      ],
      "site": "shahmeer-f26af"
    },
    "version": "projects/674839444619/sites/shahmeer-f26af/versions/2a0b3e3cd958ce01"
  }
]
[info] i  hosting[shahmeer-f26af]: finalizing version... 
[debug] [2023-05-13T04:35:29.019Z] >>> [apiv2][query] PATCH https://firebasehosting.googleapis.com/v1beta1/projects/-/sites/shahmeer-f26af/versions/2a0b3e3cd958ce01 updateMask=status%2Cconfig
[debug] [2023-05-13T04:35:29.019Z] >>> [apiv2][body] PATCH https://firebasehosting.googleapis.com/v1beta1/projects/-/sites/shahmeer-f26af/versions/2a0b3e3cd958ce01 {"status":"FINALIZED","config":{}}
[debug] [2023-05-13T04:35:30.721Z] <<< [apiv2][status] PATCH https://firebasehosting.googleapis.com/v1beta1/projects/-/sites/shahmeer-f26af/versions/2a0b3e3cd958ce01 200
[debug] [2023-05-13T04:35:30.721Z] <<< [apiv2][body] PATCH https://firebasehosting.googleapis.com/v1beta1/projects/-/sites/shahmeer-f26af/versions/2a0b3e3cd958ce01 {"name":"projects/674839444619/sites/shahmeer-f26af/versions/2a0b3e3cd958ce01","status":"FINALIZED","config":{},"labels":{"deployment-tool":"cli-firebase"},"createTime":"2023-05-13T04:35:22.619493Z","createUser":{"email":"shahmeerrabbani61@gmail.com"},"finalizeTime":"2023-05-13T04:35:30.151853Z","finalizeUser":{"email":"shahmeerrabbani61@gmail.com"}}
[debug] [2023-05-13T04:35:30.722Z] [hosting] finalized version for shahmeer-f26af:[object Object]
[info] +  hosting[shahmeer-f26af]: version finalized 
[info] i  hosting[shahmeer-f26af]: releasing new version... 
[debug] [2023-05-13T04:35:30.728Z] >>> [apiv2][query] POST https://firebasehosting.googleapis.com/v1beta1/projects/-/sites/shahmeer-f26af/channels/live/releases versionName=projects%2F674839444619%2Fsites%2Fshahmeer-f26af%2Fversions%2F2a0b3e3cd958ce01
[debug] [2023-05-13T04:35:30.728Z] >>> [apiv2][body] POST https://firebasehosting.googleapis.com/v1beta1/projects/-/sites/shahmeer-f26af/channels/live/releases {}
[debug] [2023-05-13T04:35:32.411Z] <<< [apiv2][status] POST https://firebasehosting.googleapis.com/v1beta1/projects/-/sites/shahmeer-f26af/channels/live/releases 200
[debug] [2023-05-13T04:35:32.412Z] <<< [apiv2][body] POST https://firebasehosting.googleapis.com/v1beta1/projects/-/sites/shahmeer-f26af/channels/live/releases {"name":"projects/674839444619/sites/shahmeer-f26af/channels/live/releases/1683952531250000","version":{"name":"projects/674839444619/sites/shahmeer-f26af/versions/2a0b3e3cd958ce01","status":"FINALIZED","config":{},"labels":{"deployment-tool":"cli-firebase"},"createTime":"2023-05-13T04:35:22.619493Z","createUser":{"email":"shahmeerrabbani61@gmail.com","imageUrl":"https://lh3.googleusercontent.com/a/AGNmyxblGa9dqkwybEERjW1YadNTAJRNWAcQ6NDeylqHIw"},"finalizeTime":"2023-05-13T04:35:30.151853Z","finalizeUser":{"email":"shahmeerrabbani61@gmail.com","imageUrl":"https://lh3.googleusercontent.com/a/AGNmyxblGa9dqkwybEERjW1YadNTAJRNWAcQ6NDeylqHIw"}},"type":"DEPLOY","releaseTime":"2023-05-13T04:35:31.250Z","releaseUser":{"email":"shahmeerrabbani61@gmail.com","imageUrl":"https://lh3.googleusercontent.com/a/AGNmyxblGa9dqkwybEERjW1YadNTAJRNWAcQ6NDeylqHIw"}}
[debug] [2023-05-13T04:35:32.412Z] [hosting] release: {"name":"projects/674839444619/sites/shahmeer-f26af/channels/live/releases/1683952531250000","version":{"name":"projects/674839444619/sites/shahmeer-f26af/versions/2a0b3e3cd958ce01","status":"FINALIZED","config":{},"labels":{"deployment-tool":"cli-firebase"},"createTime":"2023-05-13T04:35:22.619493Z","createUser":{"email":"shahmeerrabbani61@gmail.com","imageUrl":"https://lh3.googleusercontent.com/a/AGNmyxblGa9dqkwybEERjW1YadNTAJRNWAcQ6NDeylqHIw"},"finalizeTime":"2023-05-13T04:35:30.151853Z","finalizeUser":{"email":"shahmeerrabbani61@gmail.com","imageUrl":"https://lh3.googleusercontent.com/a/AGNmyxblGa9dqkwybEERjW1YadNTAJRNWAcQ6NDeylqHIw"}},"type":"DEPLOY","releaseTime":"2023-05-13T04:35:31.250Z","releaseUser":{"email":"shahmeerrabbani61@gmail.com","imageUrl":"https://lh3.googleusercontent.com/a/AGNmyxblGa9dqkwybEERjW1YadNTAJRNWAcQ6NDeylqHIw"}}
[info] +  hosting[shahmeer-f26af]: release complete 
[info] 
[info] +  Deploy complete! 
[info] 
[info] Project Console: https://console.firebase.google.com/project/shahmeer-f26af/overview
[info] Hosting URL: https://shahmeer-f26af.web.app
[debug] [2023-05-13T04:35:56.125Z] Error: Timed out.
    at Timeout._onTimeout (C:\Users\Shahmeer\AppData\Roaming\npm\node_modules\firebase-tools\lib\utils.js:253:49)
    at listOnTimeout (node:internal/timers:564:17)
    at process.processTimers (node:internal/timers:507:7)
[error] 
[error] Error: An unexpected error has occurred.
